Traceback (most recent call last):
  File "/home/hypeblog/lagoswebdev.com/passenger_wsgi.py", line 18, in <module>
    application = get_wsgi_application()
  File "/home/hypeblog/virtualenv/lagoswebdev.com/3.9/lib/python3.9/site-packages/django/core/wsgi.py", line 13, in get_wsgi_application
    return WSGIHandler()
  File "/home/hypeblog/virtualenv/lagoswebdev.com/3.9/lib/python3.9/site-packages/django/core/handlers/wsgi.py", line 118, in __init__
    self.load_middleware()
  File "/home/hypeblog/virtualenv/lagoswebdev.com/3.9/lib/python3.9/site-packages/django/core/handlers/base.py", line 40, in load_middleware
    middleware = import_string(middleware_path)
  File "/home/hypeblog/virtualenv/lagoswebdev.com/3.9/lib/python3.9/site-packages/django/utils/module_loading.py", line 30, in import_string
    return cached_import(module_path, class_name)
  File "/home/hypeblog/virtualenv/lagoswebdev.com/3.9/lib/python3.9/site-packages/django/utils/module_loading.py", line 15, in cached_import
    module = import_module(module_path)
  File "/opt/alt/python39/lib64/python3.9/importlib/__init__.py", line 127, in import_module
    return _bootstrap._gcd_import(name[level:], package, level)
  File "<frozen importlib._bootstrap>", line 1030, in _gcd_import
  File "<frozen importlib._bootstrap>", line 1007, in _find_and_load
  File "<frozen importlib._bootstrap>", line 972, in _find_and_load_unlocked
  File "<frozen importlib._bootstrap>", line 228, in _call_with_frames_removed
  File "<frozen importlib._bootstrap>", line 1030, in _gcd_import
  File "<frozen importlib._bootstrap>", line 1007, in _find_and_load
  File "<frozen importlib._bootstrap>", line 984, in _find_and_load_unlocked
ModuleNotFoundError: No module named 'whitenoise'
Traceback (most recent call last):
  File "/home/hypeblog/lagoswebdev.com/passenger_wsgi.py", line 18, in <module>
    application = get_wsgi_application()
  File "/home/hypeblog/virtualenv/lagoswebdev.com/3.9/lib/python3.9/site-packages/django/core/wsgi.py", line 13, in get_wsgi_application
    return WSGIHandler()
  File "/home/hypeblog/virtualenv/lagoswebdev.com/3.9/lib/python3.9/site-packages/django/core/handlers/wsgi.py", line 118, in __init__
    self.load_middleware()
  File "/home/hypeblog/virtualenv/lagoswebdev.com/3.9/lib/python3.9/site-packages/django/core/handlers/base.py", line 40, in load_middleware
    middleware = import_string(middleware_path)
  File "/home/hypeblog/virtualenv/lagoswebdev.com/3.9/lib/python3.9/site-packages/django/utils/module_loading.py", line 30, in import_string
    return cached_import(module_path, class_name)
  File "/home/hypeblog/virtualenv/lagoswebdev.com/3.9/lib/python3.9/site-packages/django/utils/module_loading.py", line 15, in cached_import
    module = import_module(module_path)
  File "/opt/alt/python39/lib64/python3.9/importlib/__init__.py", line 127, in import_module
    return _bootstrap._gcd_import(name[level:], package, level)
  File "<frozen importlib._bootstrap>", line 1030, in _gcd_import
  File "<frozen importlib._bootstrap>", line 1007, in _find_and_load
  File "<frozen importlib._bootstrap>", line 972, in _find_and_load_unlocked
  File "<frozen importlib._bootstrap>", line 228, in _call_with_frames_removed
  File "<frozen importlib._bootstrap>", line 1030, in _gcd_import
  File "<frozen importlib._bootstrap>", line 1007, in _find_and_load
  File "<frozen importlib._bootstrap>", line 984, in _find_and_load_unlocked
ModuleNotFoundError: No module named 'whitenoise'
[UID:1989][989418] Child process with pid: 989429 was killed by signal: 15, core dumped: no
Traceback (most recent call last):
  File "/home/hypeblog/lagoswebdev.com/passenger_wsgi.py", line 18, in <module>
    application = get_wsgi_application()
  File "/home/hypeblog/virtualenv/lagoswebdev.com/3.9/lib/python3.9/site-packages/django/core/wsgi.py", line 13, in get_wsgi_application
    return WSGIHandler()
  File "/home/hypeblog/virtualenv/lagoswebdev.com/3.9/lib/python3.9/site-packages/django/core/handlers/wsgi.py", line 118, in __init__
    self.load_middleware()
  File "/home/hypeblog/virtualenv/lagoswebdev.com/3.9/lib/python3.9/site-packages/django/core/handlers/base.py", line 40, in load_middleware
    middleware = import_string(middleware_path)
  File "/home/hypeblog/virtualenv/lagoswebdev.com/3.9/lib/python3.9/site-packages/django/utils/module_loading.py", line 30, in import_string
    return cached_import(module_path, class_name)
  File "/home/hypeblog/virtualenv/lagoswebdev.com/3.9/lib/python3.9/site-packages/django/utils/module_loading.py", line 15, in cached_import
    module = import_module(module_path)
  File "/opt/alt/python39/lib64/python3.9/importlib/__init__.py", line 127, in import_module
    return _bootstrap._gcd_import(name[level:], package, level)
  File "<frozen importlib._bootstrap>", line 1030, in _gcd_import
  File "<frozen importlib._bootstrap>", line 1007, in _find_and_load
  File "<frozen importlib._bootstrap>", line 972, in _find_and_load_unlocked
  File "<frozen importlib._bootstrap>", line 228, in _call_with_frames_removed
  File "<frozen importlib._bootstrap>", line 1030, in _gcd_import
  File "<frozen importlib._bootstrap>", line 1007, in _find_and_load
  File "<frozen importlib._bootstrap>", line 984, in _find_and_load_unlocked
ModuleNotFoundError: No module named 'whitenoise'
[UID:1989][989418] Child process with pid: 989433 was killed by signal: 15, core dumped: no
Traceback (most recent call last):
  File "/home/hypeblog/lagoswebdev.com/passenger_wsgi.py", line 18, in <module>
    application = get_wsgi_application()
  File "/home/hypeblog/virtualenv/lagoswebdev.com/3.9/lib/python3.9/site-packages/django/core/wsgi.py", line 13, in get_wsgi_application
    return WSGIHandler()
  File "/home/hypeblog/virtualenv/lagoswebdev.com/3.9/lib/python3.9/site-packages/django/core/handlers/wsgi.py", line 118, in __init__
    self.load_middleware()
  File "/home/hypeblog/virtualenv/lagoswebdev.com/3.9/lib/python3.9/site-packages/django/core/handlers/base.py", line 40, in load_middleware
    middleware = import_string(middleware_path)
  File "/home/hypeblog/virtualenv/lagoswebdev.com/3.9/lib/python3.9/site-packages/django/utils/module_loading.py", line 30, in import_string
    return cached_import(module_path, class_name)
  File "/home/hypeblog/virtualenv/lagoswebdev.com/3.9/lib/python3.9/site-packages/django/utils/module_loading.py", line 15, in cached_import
    module = import_module(module_path)
  File "/opt/alt/python39/lib64/python3.9/importlib/__init__.py", line 127, in import_module
    return _bootstrap._gcd_import(name[level:], package, level)
  File "<frozen importlib._bootstrap>", line 1030, in _gcd_import
  File "<frozen importlib._bootstrap>", line 1007, in _find_and_load
  File "<frozen importlib._bootstrap>", line 972, in _find_and_load_unlocked
  File "<frozen importlib._bootstrap>", line 228, in _call_with_frames_removed
  File "<frozen importlib._bootstrap>", line 1030, in _gcd_import
  File "<frozen importlib._bootstrap>", line 1007, in _find_and_load
  File "<frozen importlib._bootstrap>", line 984, in _find_and_load_unlocked
ModuleNotFoundError: No module named 'whitenoise'
Traceback (most recent call last):
  File "/home/hypeblog/lagoswebdev.com/passenger_wsgi.py", line 18, in <module>
    application = get_wsgi_application()
  File "/home/hypeblog/virtualenv/lagoswebdev.com/3.9/lib/python3.9/site-packages/django/core/wsgi.py", line 13, in get_wsgi_application
    return WSGIHandler()
  File "/home/hypeblog/virtualenv/lagoswebdev.com/3.9/lib/python3.9/site-packages/django/core/handlers/wsgi.py", line 118, in __init__
    self.load_middleware()
  File "/home/hypeblog/virtualenv/lagoswebdev.com/3.9/lib/python3.9/site-packages/django/core/handlers/base.py", line 40, in load_middleware
    middleware = import_string(middleware_path)
  File "/home/hypeblog/virtualenv/lagoswebdev.com/3.9/lib/python3.9/site-packages/django/utils/module_loading.py", line 30, in import_string
    return cached_import(module_path, class_name)
  File "/home/hypeblog/virtualenv/lagoswebdev.com/3.9/lib/python3.9/site-packages/django/utils/module_loading.py", line 15, in cached_import
    module = import_module(module_path)
  File "/opt/alt/python39/lib64/python3.9/importlib/__init__.py", line 127, in import_module
    return _bootstrap._gcd_import(name[level:], package, level)
  File "<frozen importlib._bootstrap>", line 1030, in _gcd_import
  File "<frozen importlib._bootstrap>", line 1007, in _find_and_load
  File "<frozen importlib._bootstrap>", line 972, in _find_and_load_unlocked
  File "<frozen importlib._bootstrap>", line 228, in _call_with_frames_removed
  File "<frozen importlib._bootstrap>", line 1030, in _gcd_import
  File "<frozen importlib._bootstrap>", line 1007, in _find_and_load
  File "<frozen importlib._bootstrap>", line 984, in _find_and_load_unlocked
ModuleNotFoundError: No module named 'whitenoise'
[UID:1989][989435] Child process with pid: 989452 was killed by signal: 15, core dumped: no
Traceback (most recent call last):
  File "/home/hypeblog/lagoswebdev.com/passenger_wsgi.py", line 18, in <module>
    application = get_wsgi_application()
  File "/home/hypeblog/virtualenv/lagoswebdev.com/3.9/lib/python3.9/site-packages/django/core/wsgi.py", line 13, in get_wsgi_application
    return WSGIHandler()
  File "/home/hypeblog/virtualenv/lagoswebdev.com/3.9/lib/python3.9/site-packages/django/core/handlers/wsgi.py", line 118, in __init__
    self.load_middleware()
  File "/home/hypeblog/virtualenv/lagoswebdev.com/3.9/lib/python3.9/site-packages/django/core/handlers/base.py", line 40, in load_middleware
    middleware = import_string(middleware_path)
  File "/home/hypeblog/virtualenv/lagoswebdev.com/3.9/lib/python3.9/site-packages/django/utils/module_loading.py", line 30, in import_string
    return cached_import(module_path, class_name)
  File "/home/hypeblog/virtualenv/lagoswebdev.com/3.9/lib/python3.9/site-packages/django/utils/module_loading.py", line 15, in cached_import
    module = import_module(module_path)
  File "/opt/alt/python39/lib64/python3.9/importlib/__init__.py", line 127, in import_module
    return _bootstrap._gcd_import(name[level:], package, level)
  File "<frozen importlib._bootstrap>", line 1030, in _gcd_import
  File "<frozen importlib._bootstrap>", line 1007, in _find_and_load
  File "<frozen importlib._bootstrap>", line 972, in _find_and_load_unlocked
  File "<frozen importlib._bootstrap>", line 228, in _call_with_frames_removed
  File "<frozen importlib._bootstrap>", line 1030, in _gcd_import
  File "<frozen importlib._bootstrap>", line 1007, in _find_and_load
  File "<frozen importlib._bootstrap>", line 984, in _find_and_load_unlocked
ModuleNotFoundError: No module named 'whitenoise'
[UID:1989][989435] Child process with pid: 989467 was killed by signal: 15, core dumped: no
Traceback (most recent call last):
  File "/home/hypeblog/lagoswebdev.com/passenger_wsgi.py", line 18, in <module>
    application = get_wsgi_application()
  File "/home/hypeblog/virtualenv/lagoswebdev.com/3.9/lib/python3.9/site-packages/django/core/wsgi.py", line 13, in get_wsgi_application
    return WSGIHandler()
  File "/home/hypeblog/virtualenv/lagoswebdev.com/3.9/lib/python3.9/site-packages/django/core/handlers/wsgi.py", line 118, in __init__
    self.load_middleware()
  File "/home/hypeblog/virtualenv/lagoswebdev.com/3.9/lib/python3.9/site-packages/django/core/handlers/base.py", line 40, in load_middleware
    middleware = import_string(middleware_path)
  File "/home/hypeblog/virtualenv/lagoswebdev.com/3.9/lib/python3.9/site-packages/django/utils/module_loading.py", line 30, in import_string
    return cached_import(module_path, class_name)
  File "/home/hypeblog/virtualenv/lagoswebdev.com/3.9/lib/python3.9/site-packages/django/utils/module_loading.py", line 15, in cached_import
    module = import_module(module_path)
  File "/opt/alt/python39/lib64/python3.9/importlib/__init__.py", line 127, in import_module
    return _bootstrap._gcd_import(name[level:], package, level)
  File "<frozen importlib._bootstrap>", line 1030, in _gcd_import
  File "<frozen importlib._bootstrap>", line 1007, in _find_and_load
  File "<frozen importlib._bootstrap>", line 972, in _find_and_load_unlocked
  File "<frozen importlib._bootstrap>", line 228, in _call_with_frames_removed
  File "<frozen importlib._bootstrap>", line 1030, in _gcd_import
  File "<frozen importlib._bootstrap>", line 1007, in _find_and_load
  File "<frozen importlib._bootstrap>", line 984, in _find_and_load_unlocked
ModuleNotFoundError: No module named 'whitenoise'
[UID:1989][989435] Child process with pid: 989470 was killed by signal: 15, core dumped: no
Traceback (most recent call last):
  File "/home/hypeblog/lagoswebdev.com/passenger_wsgi.py", line 18, in <module>
    application = get_wsgi_application()
  File "/home/hypeblog/virtualenv/lagoswebdev.com/3.9/lib/python3.9/site-packages/django/core/wsgi.py", line 13, in get_wsgi_application
    return WSGIHandler()
  File "/home/hypeblog/virtualenv/lagoswebdev.com/3.9/lib/python3.9/site-packages/django/core/handlers/wsgi.py", line 118, in __init__
    self.load_middleware()
  File "/home/hypeblog/virtualenv/lagoswebdev.com/3.9/lib/python3.9/site-packages/django/core/handlers/base.py", line 40, in load_middleware
    middleware = import_string(middleware_path)
  File "/home/hypeblog/virtualenv/lagoswebdev.com/3.9/lib/python3.9/site-packages/django/utils/module_loading.py", line 30, in import_string
    return cached_import(module_path, class_name)
  File "/home/hypeblog/virtualenv/lagoswebdev.com/3.9/lib/python3.9/site-packages/django/utils/module_loading.py", line 15, in cached_import
    module = import_module(module_path)
  File "/opt/alt/python39/lib64/python3.9/importlib/__init__.py", line 127, in import_module
    return _bootstrap._gcd_import(name[level:], package, level)
  File "<frozen importlib._bootstrap>", line 1030, in _gcd_import
  File "<frozen importlib._bootstrap>", line 1007, in _find_and_load
  File "<frozen importlib._bootstrap>", line 972, in _find_and_load_unlocked
  File "<frozen importlib._bootstrap>", line 228, in _call_with_frames_removed
  File "<frozen importlib._bootstrap>", line 1030, in _gcd_import
  File "<frozen importlib._bootstrap>", line 1007, in _find_and_load
  File "<frozen importlib._bootstrap>", line 984, in _find_and_load_unlocked
ModuleNotFoundError: No module named 'whitenoise'
[UID:1989][989435] Child process with pid: 989653 was killed by signal: 15, core dumped: no
Traceback (most recent call last):
  File "/home/hypeblog/lagoswebdev.com/passenger_wsgi.py", line 18, in <module>
    application = get_wsgi_application()
  File "/home/hypeblog/virtualenv/lagoswebdev.com/3.9/lib/python3.9/site-packages/django/core/wsgi.py", line 13, in get_wsgi_application
    return WSGIHandler()
  File "/home/hypeblog/virtualenv/lagoswebdev.com/3.9/lib/python3.9/site-packages/django/core/handlers/wsgi.py", line 118, in __init__
    self.load_middleware()
  File "/home/hypeblog/virtualenv/lagoswebdev.com/3.9/lib/python3.9/site-packages/django/core/handlers/base.py", line 40, in load_middleware
    middleware = import_string(middleware_path)
  File "/home/hypeblog/virtualenv/lagoswebdev.com/3.9/lib/python3.9/site-packages/django/utils/module_loading.py", line 30, in import_string
    return cached_import(module_path, class_name)
  File "/home/hypeblog/virtualenv/lagoswebdev.com/3.9/lib/python3.9/site-packages/django/utils/module_loading.py", line 15, in cached_import
    module = import_module(module_path)
  File "/opt/alt/python39/lib64/python3.9/importlib/__init__.py", line 127, in import_module
    return _bootstrap._gcd_import(name[level:], package, level)
  File "<frozen importlib._bootstrap>", line 1030, in _gcd_import
  File "<frozen importlib._bootstrap>", line 1007, in _find_and_load
  File "<frozen importlib._bootstrap>", line 972, in _find_and_load_unlocked
  File "<frozen importlib._bootstrap>", line 228, in _call_with_frames_removed
  File "<frozen importlib._bootstrap>", line 1030, in _gcd_import
  File "<frozen importlib._bootstrap>", line 1007, in _find_and_load
  File "<frozen importlib._bootstrap>", line 984, in _find_and_load_unlocked
ModuleNotFoundError: No module named 'whitenoise'
Traceback (most recent call last):
  File "/home/hypeblog/lagoswebdev.com/passenger_wsgi.py", line 18, in <module>
    application = get_wsgi_application()
  File "/home/hypeblog/virtualenv/lagoswebdev.com/3.9/lib/python3.9/site-packages/django/core/wsgi.py", line 13, in get_wsgi_application
    return WSGIHandler()
  File "/home/hypeblog/virtualenv/lagoswebdev.com/3.9/lib/python3.9/site-packages/django/core/handlers/wsgi.py", line 118, in __init__
    self.load_middleware()
  File "/home/hypeblog/virtualenv/lagoswebdev.com/3.9/lib/python3.9/site-packages/django/core/handlers/base.py", line 40, in load_middleware
    middleware = import_string(middleware_path)
  File "/home/hypeblog/virtualenv/lagoswebdev.com/3.9/lib/python3.9/site-packages/django/utils/module_loading.py", line 30, in import_string
    return cached_import(module_path, class_name)
  File "/home/hypeblog/virtualenv/lagoswebdev.com/3.9/lib/python3.9/site-packages/django/utils/module_loading.py", line 15, in cached_import
    module = import_module(module_path)
  File "/opt/alt/python39/lib64/python3.9/importlib/__init__.py", line 127, in import_module
    return _bootstrap._gcd_import(name[level:], package, level)
  File "<frozen importlib._bootstrap>", line 1030, in _gcd_import
  File "<frozen importlib._bootstrap>", line 1007, in _find_and_load
  File "<frozen importlib._bootstrap>", line 972, in _find_and_load_unlocked
  File "<frozen importlib._bootstrap>", line 228, in _call_with_frames_removed
  File "<frozen importlib._bootstrap>", line 1030, in _gcd_import
  File "<frozen importlib._bootstrap>", line 1007, in _find_and_load
  File "<frozen importlib._bootstrap>", line 984, in _find_and_load_unlocked
ModuleNotFoundError: No module named 'whitenoise'
[UID:1989][989654] Child process with pid: 989663 was killed by signal: 15, core dumped: no
Traceback (most recent call last):
  File "/home/hypeblog/lagoswebdev.com/passenger_wsgi.py", line 18, in <module>
    application = get_wsgi_application()
  File "/home/hypeblog/virtualenv/lagoswebdev.com/3.9/lib/python3.9/site-packages/django/core/wsgi.py", line 13, in get_wsgi_application
    return WSGIHandler()
  File "/home/hypeblog/virtualenv/lagoswebdev.com/3.9/lib/python3.9/site-packages/django/core/handlers/wsgi.py", line 118, in __init__
    self.load_middleware()
  File "/home/hypeblog/virtualenv/lagoswebdev.com/3.9/lib/python3.9/site-packages/django/core/handlers/base.py", line 40, in load_middleware
    middleware = import_string(middleware_path)
  File "/home/hypeblog/virtualenv/lagoswebdev.com/3.9/lib/python3.9/site-packages/django/utils/module_loading.py", line 30, in import_string
    return cached_import(module_path, class_name)
  File "/home/hypeblog/virtualenv/lagoswebdev.com/3.9/lib/python3.9/site-packages/django/utils/module_loading.py", line 15, in cached_import
    module = import_module(module_path)
  File "/opt/alt/python39/lib64/python3.9/importlib/__init__.py", line 127, in import_module
    return _bootstrap._gcd_import(name[level:], package, level)
  File "<frozen importlib._bootstrap>", line 1030, in _gcd_import
  File "<frozen importlib._bootstrap>", line 1007, in _find_and_load
  File "<frozen importlib._bootstrap>", line 972, in _find_and_load_unlocked
  File "<frozen importlib._bootstrap>", line 228, in _call_with_frames_removed
  File "<frozen importlib._bootstrap>", line 1030, in _gcd_import
  File "<frozen importlib._bootstrap>", line 1007, in _find_and_load
  File "<frozen importlib._bootstrap>", line 984, in _find_and_load_unlocked
ModuleNotFoundError: No module named 'whitenoise'
[UID:1989][989435] Child process with pid: 989667 was killed by signal: 15, core dumped: no
Traceback (most recent call last):
  File "/home/hypeblog/lagoswebdev.com/passenger_wsgi.py", line 18, in <module>
    application = get_wsgi_application()
  File "/home/hypeblog/virtualenv/lagoswebdev.com/3.9/lib/python3.9/site-packages/django/core/wsgi.py", line 13, in get_wsgi_application
    return WSGIHandler()
  File "/home/hypeblog/virtualenv/lagoswebdev.com/3.9/lib/python3.9/site-packages/django/core/handlers/wsgi.py", line 118, in __init__
    self.load_middleware()
  File "/home/hypeblog/virtualenv/lagoswebdev.com/3.9/lib/python3.9/site-packages/django/core/handlers/base.py", line 40, in load_middleware
    middleware = import_string(middleware_path)
  File "/home/hypeblog/virtualenv/lagoswebdev.com/3.9/lib/python3.9/site-packages/django/utils/module_loading.py", line 30, in import_string
    return cached_import(module_path, class_name)
  File "/home/hypeblog/virtualenv/lagoswebdev.com/3.9/lib/python3.9/site-packages/django/utils/module_loading.py", line 15, in cached_import
    module = import_module(module_path)
  File "/opt/alt/python39/lib64/python3.9/importlib/__init__.py", line 127, in import_module
    return _bootstrap._gcd_import(name[level:], package, level)
  File "<frozen importlib._bootstrap>", line 1030, in _gcd_import
  File "<frozen importlib._bootstrap>", line 1007, in _find_and_load
  File "<frozen importlib._bootstrap>", line 972, in _find_and_load_unlocked
  File "<frozen importlib._bootstrap>", line 228, in _call_with_frames_removed
  File "<frozen importlib._bootstrap>", line 1030, in _gcd_import
  File "<frozen importlib._bootstrap>", line 1007, in _find_and_load
  File "<frozen importlib._bootstrap>", line 984, in _find_and_load_unlocked
ModuleNotFoundError: No module named 'whitenoise'
[UID:1989][989654] Child process with pid: 989668 was killed by signal: 15, core dumped: no
Traceback (most recent call last):
  File "/home/hypeblog/lagoswebdev.com/passenger_wsgi.py", line 18, in <module>
    application = get_wsgi_application()
  File "/home/hypeblog/virtualenv/lagoswebdev.com/3.9/lib/python3.9/site-packages/django/core/wsgi.py", line 13, in get_wsgi_application
    return WSGIHandler()
  File "/home/hypeblog/virtualenv/lagoswebdev.com/3.9/lib/python3.9/site-packages/django/core/handlers/wsgi.py", line 118, in __init__
    self.load_middleware()
  File "/home/hypeblog/virtualenv/lagoswebdev.com/3.9/lib/python3.9/site-packages/django/core/handlers/base.py", line 40, in load_middleware
    middleware = import_string(middleware_path)
  File "/home/hypeblog/virtualenv/lagoswebdev.com/3.9/lib/python3.9/site-packages/django/utils/module_loading.py", line 30, in import_string
    return cached_import(module_path, class_name)
  File "/home/hypeblog/virtualenv/lagoswebdev.com/3.9/lib/python3.9/site-packages/django/utils/module_loading.py", line 15, in cached_import
    module = import_module(module_path)
  File "/opt/alt/python39/lib64/python3.9/importlib/__init__.py", line 127, in import_module
    return _bootstrap._gcd_import(name[level:], package, level)
  File "<frozen importlib._bootstrap>", line 1030, in _gcd_import
  File "<frozen importlib._bootstrap>", line 1007, in _find_and_load
  File "<frozen importlib._bootstrap>", line 972, in _find_and_load_unlocked
  File "<frozen importlib._bootstrap>", line 228, in _call_with_frames_removed
  File "<frozen importlib._bootstrap>", line 1030, in _gcd_import
  File "<frozen importlib._bootstrap>", line 1007, in _find_and_load
  File "<frozen importlib._bootstrap>", line 984, in _find_and_load_unlocked
ModuleNotFoundError: No module named 'whitenoise'
[UID:1989][989435] Child process with pid: 989816 was killed by signal: 15, core dumped: no
Traceback (most recent call last):
  File "/home/hypeblog/lagoswebdev.com/passenger_wsgi.py", line 18, in <module>
    application = get_wsgi_application()
  File "/home/hypeblog/virtualenv/lagoswebdev.com/3.9/lib/python3.9/site-packages/django/core/wsgi.py", line 13, in get_wsgi_application
    return WSGIHandler()
  File "/home/hypeblog/virtualenv/lagoswebdev.com/3.9/lib/python3.9/site-packages/django/core/handlers/wsgi.py", line 118, in __init__
    self.load_middleware()
  File "/home/hypeblog/virtualenv/lagoswebdev.com/3.9/lib/python3.9/site-packages/django/core/handlers/base.py", line 40, in load_middleware
    middleware = import_string(middleware_path)
  File "/home/hypeblog/virtualenv/lagoswebdev.com/3.9/lib/python3.9/site-packages/django/utils/module_loading.py", line 30, in import_string
    return cached_import(module_path, class_name)
  File "/home/hypeblog/virtualenv/lagoswebdev.com/3.9/lib/python3.9/site-packages/django/utils/module_loading.py", line 15, in cached_import
    module = import_module(module_path)
  File "/opt/alt/python39/lib64/python3.9/importlib/__init__.py", line 127, in import_module
    return _bootstrap._gcd_import(name[level:], package, level)
  File "<frozen importlib._bootstrap>", line 1030, in _gcd_import
  File "<frozen importlib._bootstrap>", line 1007, in _find_and_load
  File "<frozen importlib._bootstrap>", line 972, in _find_and_load_unlocked
  File "<frozen importlib._bootstrap>", line 228, in _call_with_frames_removed
  File "<frozen importlib._bootstrap>", line 1030, in _gcd_import
  File "<frozen importlib._bootstrap>", line 1007, in _find_and_load
  File "<frozen importlib._bootstrap>", line 984, in _find_and_load_unlocked
ModuleNotFoundError: No module named 'whitenoise'
[UID:1989][989435] Child process with pid: 989818 was killed by signal: 15, core dumped: no
Traceback (most recent call last):
  File "/home/hypeblog/lagoswebdev.com/passenger_wsgi.py", line 18, in <module>
    application = get_wsgi_application()
  File "/home/hypeblog/virtualenv/lagoswebdev.com/3.9/lib/python3.9/site-packages/django/core/wsgi.py", line 13, in get_wsgi_application
    return WSGIHandler()
  File "/home/hypeblog/virtualenv/lagoswebdev.com/3.9/lib/python3.9/site-packages/django/core/handlers/wsgi.py", line 118, in __init__
    self.load_middleware()
  File "/home/hypeblog/virtualenv/lagoswebdev.com/3.9/lib/python3.9/site-packages/django/core/handlers/base.py", line 40, in load_middleware
    middleware = import_string(middleware_path)
  File "/home/hypeblog/virtualenv/lagoswebdev.com/3.9/lib/python3.9/site-packages/django/utils/module_loading.py", line 30, in import_string
    return cached_import(module_path, class_name)
  File "/home/hypeblog/virtualenv/lagoswebdev.com/3.9/lib/python3.9/site-packages/django/utils/module_loading.py", line 15, in cached_import
    module = import_module(module_path)
  File "/opt/alt/python39/lib64/python3.9/importlib/__init__.py", line 127, in import_module
    return _bootstrap._gcd_import(name[level:], package, level)
  File "<frozen importlib._bootstrap>", line 1030, in _gcd_import
  File "<frozen importlib._bootstrap>", line 1007, in _find_and_load
  File "<frozen importlib._bootstrap>", line 972, in _find_and_load_unlocked
  File "<frozen importlib._bootstrap>", line 228, in _call_with_frames_removed
  File "<frozen importlib._bootstrap>", line 1030, in _gcd_import
  File "<frozen importlib._bootstrap>", line 1007, in _find_and_load
  File "<frozen importlib._bootstrap>", line 984, in _find_and_load_unlocked
ModuleNotFoundError: No module named 'whitenoise'
[UID:1989][989435] Child process with pid: 990009 was killed by signal: 15, core dumped: no
Traceback (most recent call last):
  File "/home/hypeblog/lagoswebdev.com/passenger_wsgi.py", line 18, in <module>
    application = get_wsgi_application()
  File "/home/hypeblog/virtualenv/lagoswebdev.com/3.9/lib/python3.9/site-packages/django/core/wsgi.py", line 13, in get_wsgi_application
    return WSGIHandler()
  File "/home/hypeblog/virtualenv/lagoswebdev.com/3.9/lib/python3.9/site-packages/django/core/handlers/wsgi.py", line 118, in __init__
    self.load_middleware()
  File "/home/hypeblog/virtualenv/lagoswebdev.com/3.9/lib/python3.9/site-packages/django/core/handlers/base.py", line 40, in load_middleware
    middleware = import_string(middleware_path)
  File "/home/hypeblog/virtualenv/lagoswebdev.com/3.9/lib/python3.9/site-packages/django/utils/module_loading.py", line 30, in import_string
    return cached_import(module_path, class_name)
  File "/home/hypeblog/virtualenv/lagoswebdev.com/3.9/lib/python3.9/site-packages/django/utils/module_loading.py", line 15, in cached_import
    module = import_module(module_path)
  File "/opt/alt/python39/lib64/python3.9/importlib/__init__.py", line 127, in import_module
    return _bootstrap._gcd_import(name[level:], package, level)
  File "<frozen importlib._bootstrap>", line 1030, in _gcd_import
  File "<frozen importlib._bootstrap>", line 1007, in _find_and_load
  File "<frozen importlib._bootstrap>", line 972, in _find_and_load_unlocked
  File "<frozen importlib._bootstrap>", line 228, in _call_with_frames_removed
  File "<frozen importlib._bootstrap>", line 1030, in _gcd_import
  File "<frozen importlib._bootstrap>", line 1007, in _find_and_load
  File "<frozen importlib._bootstrap>", line 984, in _find_and_load_unlocked
ModuleNotFoundError: No module named 'whitenoise'
[UID:1989][989435] Child process with pid: 990021 was killed by signal: 15, core dumped: no
Traceback (most recent call last):
  File "/home/hypeblog/lagoswebdev.com/passenger_wsgi.py", line 18, in <module>
    application = get_wsgi_application()
  File "/home/hypeblog/virtualenv/lagoswebdev.com/3.9/lib/python3.9/site-packages/django/core/wsgi.py", line 13, in get_wsgi_application
    return WSGIHandler()
  File "/home/hypeblog/virtualenv/lagoswebdev.com/3.9/lib/python3.9/site-packages/django/core/handlers/wsgi.py", line 118, in __init__
    self.load_middleware()
  File "/home/hypeblog/virtualenv/lagoswebdev.com/3.9/lib/python3.9/site-packages/django/core/handlers/base.py", line 40, in load_middleware
    middleware = import_string(middleware_path)
  File "/home/hypeblog/virtualenv/lagoswebdev.com/3.9/lib/python3.9/site-packages/django/utils/module_loading.py", line 30, in import_string
    return cached_import(module_path, class_name)
  File "/home/hypeblog/virtualenv/lagoswebdev.com/3.9/lib/python3.9/site-packages/django/utils/module_loading.py", line 15, in cached_import
    module = import_module(module_path)
  File "/opt/alt/python39/lib64/python3.9/importlib/__init__.py", line 127, in import_module
    return _bootstrap._gcd_import(name[level:], package, level)
  File "<frozen importlib._bootstrap>", line 1030, in _gcd_import
  File "<frozen importlib._bootstrap>", line 1007, in _find_and_load
  File "<frozen importlib._bootstrap>", line 972, in _find_and_load_unlocked
  File "<frozen importlib._bootstrap>", line 228, in _call_with_frames_removed
  File "<frozen importlib._bootstrap>", line 1030, in _gcd_import
  File "<frozen importlib._bootstrap>", line 1007, in _find_and_load
  File "<frozen importlib._bootstrap>", line 984, in _find_and_load_unlocked
ModuleNotFoundError: No module named 'whitenoise'
[UID:1989][989435] Child process with pid: 990078 was killed by signal: 15, core dumped: no
Traceback (most recent call last):
  File "/home/hypeblog/lagoswebdev.com/passenger_wsgi.py", line 18, in <module>
    application = get_wsgi_application()
  File "/home/hypeblog/virtualenv/lagoswebdev.com/3.9/lib/python3.9/site-packages/django/core/wsgi.py", line 13, in get_wsgi_application
    return WSGIHandler()
  File "/home/hypeblog/virtualenv/lagoswebdev.com/3.9/lib/python3.9/site-packages/django/core/handlers/wsgi.py", line 118, in __init__
    self.load_middleware()
  File "/home/hypeblog/virtualenv/lagoswebdev.com/3.9/lib/python3.9/site-packages/django/core/handlers/base.py", line 40, in load_middleware
    middleware = import_string(middleware_path)
  File "/home/hypeblog/virtualenv/lagoswebdev.com/3.9/lib/python3.9/site-packages/django/utils/module_loading.py", line 30, in import_string
    return cached_import(module_path, class_name)
  File "/home/hypeblog/virtualenv/lagoswebdev.com/3.9/lib/python3.9/site-packages/django/utils/module_loading.py", line 15, in cached_import
    module = import_module(module_path)
  File "/opt/alt/python39/lib64/python3.9/importlib/__init__.py", line 127, in import_module
    return _bootstrap._gcd_import(name[level:], package, level)
  File "<frozen importlib._bootstrap>", line 1030, in _gcd_import
  File "<frozen importlib._bootstrap>", line 1007, in _find_and_load
  File "<frozen importlib._bootstrap>", line 972, in _find_and_load_unlocked
  File "<frozen importlib._bootstrap>", line 228, in _call_with_frames_removed
  File "<frozen importlib._bootstrap>", line 1030, in _gcd_import
  File "<frozen importlib._bootstrap>", line 1007, in _find_and_load
  File "<frozen importlib._bootstrap>", line 984, in _find_and_load_unlocked
ModuleNotFoundError: No module named 'whitenoise'
[UID:1989][989435] Child process with pid: 990083 was killed by signal: 15, core dumped: no
Traceback (most recent call last):
  File "/home/hypeblog/lagoswebdev.com/passenger_wsgi.py", line 18, in <module>
    application = get_wsgi_application()
  File "/home/hypeblog/virtualenv/lagoswebdev.com/3.9/lib/python3.9/site-packages/django/core/wsgi.py", line 13, in get_wsgi_application
    return WSGIHandler()
  File "/home/hypeblog/virtualenv/lagoswebdev.com/3.9/lib/python3.9/site-packages/django/core/handlers/wsgi.py", line 118, in __init__
    self.load_middleware()
  File "/home/hypeblog/virtualenv/lagoswebdev.com/3.9/lib/python3.9/site-packages/django/core/handlers/base.py", line 40, in load_middleware
    middleware = import_string(middleware_path)
  File "/home/hypeblog/virtualenv/lagoswebdev.com/3.9/lib/python3.9/site-packages/django/utils/module_loading.py", line 30, in import_string
    return cached_import(module_path, class_name)
  File "/home/hypeblog/virtualenv/lagoswebdev.com/3.9/lib/python3.9/site-packages/django/utils/module_loading.py", line 15, in cached_import
    module = import_module(module_path)
  File "/opt/alt/python39/lib64/python3.9/importlib/__init__.py", line 127, in import_module
    return _bootstrap._gcd_import(name[level:], package, level)
  File "<frozen importlib._bootstrap>", line 1030, in _gcd_import
  File "<frozen importlib._bootstrap>", line 1007, in _find_and_load
  File "<frozen importlib._bootstrap>", line 972, in _find_and_load_unlocked
  File "<frozen importlib._bootstrap>", line 228, in _call_with_frames_removed
  File "<frozen importlib._bootstrap>", line 1030, in _gcd_import
  File "<frozen importlib._bootstrap>", line 1007, in _find_and_load
  File "<frozen importlib._bootstrap>", line 984, in _find_and_load_unlocked
ModuleNotFoundError: No module named 'whitenoise'
[UID:1989][989435] Child process with pid: 990091 was killed by signal: 15, core dumped: no
Traceback (most recent call last):
  File "/home/hypeblog/lagoswebdev.com/passenger_wsgi.py", line 18, in <module>
    application = get_wsgi_application()
  File "/home/hypeblog/virtualenv/lagoswebdev.com/3.9/lib/python3.9/site-packages/django/core/wsgi.py", line 13, in get_wsgi_application
    return WSGIHandler()
  File "/home/hypeblog/virtualenv/lagoswebdev.com/3.9/lib/python3.9/site-packages/django/core/handlers/wsgi.py", line 118, in __init__
    self.load_middleware()
  File "/home/hypeblog/virtualenv/lagoswebdev.com/3.9/lib/python3.9/site-packages/django/core/handlers/base.py", line 40, in load_middleware
    middleware = import_string(middleware_path)
  File "/home/hypeblog/virtualenv/lagoswebdev.com/3.9/lib/python3.9/site-packages/django/utils/module_loading.py", line 30, in import_string
    return cached_import(module_path, class_name)
  File "/home/hypeblog/virtualenv/lagoswebdev.com/3.9/lib/python3.9/site-packages/django/utils/module_loading.py", line 15, in cached_import
    module = import_module(module_path)
  File "/opt/alt/python39/lib64/python3.9/importlib/__init__.py", line 127, in import_module
    return _bootstrap._gcd_import(name[level:], package, level)
  File "<frozen importlib._bootstrap>", line 1030, in _gcd_import
  File "<frozen importlib._bootstrap>", line 1007, in _find_and_load
  File "<frozen importlib._bootstrap>", line 972, in _find_and_load_unlocked
  File "<frozen importlib._bootstrap>", line 228, in _call_with_frames_removed
  File "<frozen importlib._bootstrap>", line 1030, in _gcd_import
  File "<frozen importlib._bootstrap>", line 1007, in _find_and_load
  File "<frozen importlib._bootstrap>", line 984, in _find_and_load_unlocked
ModuleNotFoundError: No module named 'whitenoise'
[UID:1989][989435] Child process with pid: 990095 was killed by signal: 15, core dumped: no
Traceback (most recent call last):
  File "/home/hypeblog/lagoswebdev.com/passenger_wsgi.py", line 18, in <module>
    application = get_wsgi_application()
  File "/home/hypeblog/virtualenv/lagoswebdev.com/3.9/lib/python3.9/site-packages/django/core/wsgi.py", line 13, in get_wsgi_application
    return WSGIHandler()
  File "/home/hypeblog/virtualenv/lagoswebdev.com/3.9/lib/python3.9/site-packages/django/core/handlers/wsgi.py", line 118, in __init__
    self.load_middleware()
  File "/home/hypeblog/virtualenv/lagoswebdev.com/3.9/lib/python3.9/site-packages/django/core/handlers/base.py", line 40, in load_middleware
    middleware = import_string(middleware_path)
  File "/home/hypeblog/virtualenv/lagoswebdev.com/3.9/lib/python3.9/site-packages/django/utils/module_loading.py", line 30, in import_string
    return cached_import(module_path, class_name)
  File "/home/hypeblog/virtualenv/lagoswebdev.com/3.9/lib/python3.9/site-packages/django/utils/module_loading.py", line 15, in cached_import
    module = import_module(module_path)
  File "/opt/alt/python39/lib64/python3.9/importlib/__init__.py", line 127, in import_module
    return _bootstrap._gcd_import(name[level:], package, level)
  File "<frozen importlib._bootstrap>", line 1030, in _gcd_import
  File "<frozen importlib._bootstrap>", line 1007, in _find_and_load
  File "<frozen importlib._bootstrap>", line 972, in _find_and_load_unlocked
  File "<frozen importlib._bootstrap>", line 228, in _call_with_frames_removed
  File "<frozen importlib._bootstrap>", line 1030, in _gcd_import
  File "<frozen importlib._bootstrap>", line 1007, in _find_and_load
  File "<frozen importlib._bootstrap>", line 984, in _find_and_load_unlocked
ModuleNotFoundError: No module named 'whitenoise'
[UID:1989][989435] Child process with pid: 990110 was killed by signal: 15, core dumped: no
Traceback (most recent call last):
  File "/home/hypeblog/lagoswebdev.com/passenger_wsgi.py", line 18, in <module>
    application = get_wsgi_application()
  File "/home/hypeblog/virtualenv/lagoswebdev.com/3.9/lib/python3.9/site-packages/django/core/wsgi.py", line 13, in get_wsgi_application
    return WSGIHandler()
  File "/home/hypeblog/virtualenv/lagoswebdev.com/3.9/lib/python3.9/site-packages/django/core/handlers/wsgi.py", line 118, in __init__
    self.load_middleware()
  File "/home/hypeblog/virtualenv/lagoswebdev.com/3.9/lib/python3.9/site-packages/django/core/handlers/base.py", line 40, in load_middleware
    middleware = import_string(middleware_path)
  File "/home/hypeblog/virtualenv/lagoswebdev.com/3.9/lib/python3.9/site-packages/django/utils/module_loading.py", line 30, in import_string
    return cached_import(module_path, class_name)
  File "/home/hypeblog/virtualenv/lagoswebdev.com/3.9/lib/python3.9/site-packages/django/utils/module_loading.py", line 15, in cached_import
    module = import_module(module_path)
  File "/opt/alt/python39/lib64/python3.9/importlib/__init__.py", line 127, in import_module
    return _bootstrap._gcd_import(name[level:], package, level)
  File "<frozen importlib._bootstrap>", line 1030, in _gcd_import
  File "<frozen importlib._bootstrap>", line 1007, in _find_and_load
  File "<frozen importlib._bootstrap>", line 972, in _find_and_load_unlocked
  File "<frozen importlib._bootstrap>", line 228, in _call_with_frames_removed
  File "<frozen importlib._bootstrap>", line 1030, in _gcd_import
  File "<frozen importlib._bootstrap>", line 1007, in _find_and_load
  File "<frozen importlib._bootstrap>", line 984, in _find_and_load_unlocked
ModuleNotFoundError: No module named 'whitenoise'
[UID:1989][989435] Child process with pid: 990115 was killed by signal: 15, core dumped: no
Traceback (most recent call last):
  File "/home/hypeblog/lagoswebdev.com/passenger_wsgi.py", line 17, in <module>
    application = get_wsgi_application()
  File "/home/hypeblog/virtualenv/lagoswebdev.com/3.9/lib/python3.9/site-packages/django/core/wsgi.py", line 13, in get_wsgi_application
    return WSGIHandler()
  File "/home/hypeblog/virtualenv/lagoswebdev.com/3.9/lib/python3.9/site-packages/django/core/handlers/wsgi.py", line 118, in __init__
    self.load_middleware()
  File "/home/hypeblog/virtualenv/lagoswebdev.com/3.9/lib/python3.9/site-packages/django/core/handlers/base.py", line 40, in load_middleware
    middleware = import_string(middleware_path)
  File "/home/hypeblog/virtualenv/lagoswebdev.com/3.9/lib/python3.9/site-packages/django/utils/module_loading.py", line 30, in import_string
    return cached_import(module_path, class_name)
  File "/home/hypeblog/virtualenv/lagoswebdev.com/3.9/lib/python3.9/site-packages/django/utils/module_loading.py", line 15, in cached_import
    module = import_module(module_path)
  File "/opt/alt/python39/lib64/python3.9/importlib/__init__.py", line 127, in import_module
    return _bootstrap._gcd_import(name[level:], package, level)
  File "<frozen importlib._bootstrap>", line 1030, in _gcd_import
  File "<frozen importlib._bootstrap>", line 1007, in _find_and_load
  File "<frozen importlib._bootstrap>", line 972, in _find_and_load_unlocked
  File "<frozen importlib._bootstrap>", line 228, in _call_with_frames_removed
  File "<frozen importlib._bootstrap>", line 1030, in _gcd_import
  File "<frozen importlib._bootstrap>", line 1007, in _find_and_load
  File "<frozen importlib._bootstrap>", line 984, in _find_and_load_unlocked
ModuleNotFoundError: No module named 'whitenoise'
Traceback (most recent call last):
  File "/home/hypeblog/lagoswebdev.com/passenger_wsgi.py", line 17, in <module>
    application = get_wsgi_application()
  File "/home/hypeblog/virtualenv/lagoswebdev.com/3.9/lib/python3.9/site-packages/django/core/wsgi.py", line 13, in get_wsgi_application
    return WSGIHandler()
  File "/home/hypeblog/virtualenv/lagoswebdev.com/3.9/lib/python3.9/site-packages/django/core/handlers/wsgi.py", line 118, in __init__
    self.load_middleware()
  File "/home/hypeblog/virtualenv/lagoswebdev.com/3.9/lib/python3.9/site-packages/django/core/handlers/base.py", line 40, in load_middleware
    middleware = import_string(middleware_path)
  File "/home/hypeblog/virtualenv/lagoswebdev.com/3.9/lib/python3.9/site-packages/django/utils/module_loading.py", line 30, in import_string
    return cached_import(module_path, class_name)
  File "/home/hypeblog/virtualenv/lagoswebdev.com/3.9/lib/python3.9/site-packages/django/utils/module_loading.py", line 15, in cached_import
    module = import_module(module_path)
  File "/opt/alt/python39/lib64/python3.9/importlib/__init__.py", line 127, in import_module
    return _bootstrap._gcd_import(name[level:], package, level)
  File "<frozen importlib._bootstrap>", line 1030, in _gcd_import
  File "<frozen importlib._bootstrap>", line 1007, in _find_and_load
  File "<frozen importlib._bootstrap>", line 972, in _find_and_load_unlocked
  File "<frozen importlib._bootstrap>", line 228, in _call_with_frames_removed
  File "<frozen importlib._bootstrap>", line 1030, in _gcd_import
  File "<frozen importlib._bootstrap>", line 1007, in _find_and_load
  File "<frozen importlib._bootstrap>", line 984, in _find_and_load_unlocked
ModuleNotFoundError: No module named 'whitenoise'
[UID:1989][1044270] Child process with pid: 1044290 was killed by signal: 15, core dumped: no
Traceback (most recent call last):
  File "/home/hypeblog/lagoswebdev.com/passenger_wsgi.py", line 17, in <module>
    application = get_wsgi_application()
  File "/home/hypeblog/virtualenv/lagoswebdev.com/3.9/lib/python3.9/site-packages/django/core/wsgi.py", line 13, in get_wsgi_application
    return WSGIHandler()
  File "/home/hypeblog/virtualenv/lagoswebdev.com/3.9/lib/python3.9/site-packages/django/core/handlers/wsgi.py", line 118, in __init__
    self.load_middleware()
  File "/home/hypeblog/virtualenv/lagoswebdev.com/3.9/lib/python3.9/site-packages/django/core/handlers/base.py", line 40, in load_middleware
    middleware = import_string(middleware_path)
  File "/home/hypeblog/virtualenv/lagoswebdev.com/3.9/lib/python3.9/site-packages/django/utils/module_loading.py", line 30, in import_string
    return cached_import(module_path, class_name)
  File "/home/hypeblog/virtualenv/lagoswebdev.com/3.9/lib/python3.9/site-packages/django/utils/module_loading.py", line 15, in cached_import
    module = import_module(module_path)
  File "/opt/alt/python39/lib64/python3.9/importlib/__init__.py", line 127, in import_module
    return _bootstrap._gcd_import(name[level:], package, level)
  File "<frozen importlib._bootstrap>", line 1030, in _gcd_import
  File "<frozen importlib._bootstrap>", line 1007, in _find_and_load
  File "<frozen importlib._bootstrap>", line 972, in _find_and_load_unlocked
  File "<frozen importlib._bootstrap>", line 228, in _call_with_frames_removed
  File "<frozen importlib._bootstrap>", line 1030, in _gcd_import
  File "<frozen importlib._bootstrap>", line 1007, in _find_and_load
  File "<frozen importlib._bootstrap>", line 984, in _find_and_load_unlocked
ModuleNotFoundError: No module named 'whitenoise'
[UID:1989][1044270] Child process with pid: 1044376 was killed by signal: 15, core dumped: no
